<?xml version="1.0" encoding="UTF-8"?>
<!-- Generated by org.testng.reporters.JUnitReportReporter -->
<testsuite hostname="ANI1343" failures="0" tests="1" name="testCases.TC002_LoginTest" time="2.371" errors="0" timestamp="2025-09-19T08:57:34 IST" skipped="0">
  <testcase classname="testCases.TC002_LoginTest" name="verify_login" time="2.371"/>
</testsuite> <!-- testCases.TC002_LoginTest -->
